<?xml version="1.0" encoding="UTF-8"?>
<testsuite xmlns:xsi="http://www.w3.org/2001/XMLSchema-instance" xsi:noNamespaceSchemaLocation="https://maven.apache.org/surefire/maven-surefire-plugin/xsd/surefire-test-report-3.0.xsd" version="3.0" name="com.persons.PersonControllerTest" time="11.351" tests="7" errors="0" skipped="0" failures="0">
  <properties>
    <property name="sun.desktop" value="windows"/>
    <property name="awt.toolkit" value="sun.awt.windows.WToolkit"/>
    <property name="java.specification.version" value="9"/>
    <property name="file.encoding.pkg" value="sun.io"/>
    <property name="sun.cpu.isalist" value="amd64"/>
    <property name="sun.jnu.encoding" value="Cp1252"/>
    <property name="java.class.path" value="e:\abhilash consulting projects\SpringMVCElectricityBillCalculation\SpringMVCElectricityBillCalculation\target\test-classes;e:\abhilash consulting projects\SpringMVCElectricityBillCalculation\SpringMVCElectricityBillCalculation\target\classes;C:\Users\lenovo\.m2\repository\junit\junit\4.12\junit-4.12.jar;C:\Users\lenovo\.m2\repository\org\hamcrest\hamcrest-core\1.3\hamcrest-core-1.3.jar;C:\Users\lenovo\.m2\repository\org\mockito\mockito-all\1.9.5\mockito-all-1.9.5.jar;C:\Users\lenovo\.m2\repository\org\springframework\spring-webmvc\5.1.1.RELEASE\spring-webmvc-5.1.1.RELEASE.jar;C:\Users\lenovo\.m2\repository\org\springframework\spring-aop\5.1.1.RELEASE\spring-aop-5.1.1.RELEASE.jar;C:\Users\lenovo\.m2\repository\org\springframework\spring-beans\5.1.1.RELEASE\spring-beans-5.1.1.RELEASE.jar;C:\Users\lenovo\.m2\repository\org\springframework\spring-core\5.1.1.RELEASE\spring-core-5.1.1.RELEASE.jar;C:\Users\lenovo\.m2\repository\org\springframework\spring-jcl\5.1.1.RELEASE\spring-jcl-5.1.1.RELEASE.jar;C:\Users\lenovo\.m2\repository\org\springframework\spring-expression\5.1.1.RELEASE\spring-expression-5.1.1.RELEASE.jar;C:\Users\lenovo\.m2\repository\org\springframework\spring-web\5.1.1.RELEASE\spring-web-5.1.1.RELEASE.jar;C:\Users\lenovo\.m2\repository\org\springframework\spring-context\5.1.1.RELEASE\spring-context-5.1.1.RELEASE.jar;C:\Users\lenovo\.m2\repository\org\springframework\spring-test\5.1.1.RELEASE\spring-test-5.1.1.RELEASE.jar;C:\Users\lenovo\.m2\repository\org\apache\tomcat\tomcat-jasper\9.0.12\tomcat-jasper-9.0.12.jar;C:\Users\lenovo\.m2\repository\org\apache\tomcat\tomcat-servlet-api\9.0.12\tomcat-servlet-api-9.0.12.jar;C:\Users\lenovo\.m2\repository\org\apache\tomcat\tomcat-juli\9.0.12\tomcat-juli-9.0.12.jar;C:\Users\lenovo\.m2\repository\org\apache\tomcat\tomcat-jsp-api\9.0.12\tomcat-jsp-api-9.0.12.jar;C:\Users\lenovo\.m2\repository\org\apache\tomcat\tomcat-el-api\9.0.12\tomcat-el-api-9.0.12.jar;C:\Users\lenovo\.m2\repository\org\eclipse\jdt\ecj\3.13.102\ecj-3.13.102.jar;C:\Users\lenovo\.m2\repository\org\apache\tomcat\tomcat-jasper-el\9.0.12\tomcat-jasper-el-9.0.12.jar;C:\Users\lenovo\.m2\repository\org\apache\tomcat\tomcat-api\9.0.12\tomcat-api-9.0.12.jar;C:\Users\lenovo\.m2\repository\org\apache\tomcat\tomcat-util-scan\9.0.12\tomcat-util-scan-9.0.12.jar;C:\Users\lenovo\.m2\repository\org\apache\tomcat\tomcat-util\9.0.12\tomcat-util-9.0.12.jar;C:\Users\lenovo\.m2\repository\javax\servlet\servlet-api\3.0-alpha-1\servlet-api-3.0-alpha-1.jar;C:\Users\lenovo\.m2\repository\javax\servlet\jstl\1.2\jstl-1.2.jar;C:\Users\lenovo\.m2\repository\mysql\mysql-connector-java\8.0.11\mysql-connector-java-8.0.11.jar;C:\Users\lenovo\.m2\repository\com\google\protobuf\protobuf-java\2.6.0\protobuf-java-2.6.0.jar;C:\Users\lenovo\.m2\repository\org\springframework\spring-jdbc\5.1.1.RELEASE\spring-jdbc-5.1.1.RELEASE.jar;C:\Users\lenovo\.m2\repository\org\springframework\spring-tx\5.1.1.RELEASE\spring-tx-5.1.1.RELEASE.jar;"/>
    <property name="java.vm.vendor" value="Oracle Corporation"/>
    <property name="sun.arch.data.model" value="64"/>
    <property name="user.variant" value=""/>
    <property name="java.vendor.url" value="http://java.oracle.com/"/>
    <property name="user.timezone" value="Asia/Calcutta"/>
    <property name="java.vm.specification.version" value="9"/>
    <property name="os.name" value="Windows 10"/>
    <property name="sun.java.launcher" value="SUN_STANDARD"/>
    <property name="user.country" value="US"/>
    <property name="sun.boot.library.path" value="C:\Program Files\Java\jdk-9.0.4\bin"/>
    <property name="sun.java.command" value="C:\Users\lenovo\AppData\Local\Temp\surefire4634865985331597798\surefirebooter16324394611714938201.jar C:\Users\lenovo\AppData\Local\Temp\surefire4634865985331597798 2020-11-19T14-18-12_574-jvmRun1 surefire15871866614650683009tmp surefire_06529161790146381084tmp"/>
    <property name="jdk.debug" value="release"/>
    <property name="surefire.test.class.path" value="e:\abhilash consulting projects\SpringMVCElectricityBillCalculation\SpringMVCElectricityBillCalculation\target\test-classes;e:\abhilash consulting projects\SpringMVCElectricityBillCalculation\SpringMVCElectricityBillCalculation\target\classes;C:\Users\lenovo\.m2\repository\junit\junit\4.12\junit-4.12.jar;C:\Users\lenovo\.m2\repository\org\hamcrest\hamcrest-core\1.3\hamcrest-core-1.3.jar;C:\Users\lenovo\.m2\repository\org\mockito\mockito-all\1.9.5\mockito-all-1.9.5.jar;C:\Users\lenovo\.m2\repository\org\springframework\spring-webmvc\5.1.1.RELEASE\spring-webmvc-5.1.1.RELEASE.jar;C:\Users\lenovo\.m2\repository\org\springframework\spring-aop\5.1.1.RELEASE\spring-aop-5.1.1.RELEASE.jar;C:\Users\lenovo\.m2\repository\org\springframework\spring-beans\5.1.1.RELEASE\spring-beans-5.1.1.RELEASE.jar;C:\Users\lenovo\.m2\repository\org\springframework\spring-core\5.1.1.RELEASE\spring-core-5.1.1.RELEASE.jar;C:\Users\lenovo\.m2\repository\org\springframework\spring-jcl\5.1.1.RELEASE\spring-jcl-5.1.1.RELEASE.jar;C:\Users\lenovo\.m2\repository\org\springframework\spring-expression\5.1.1.RELEASE\spring-expression-5.1.1.RELEASE.jar;C:\Users\lenovo\.m2\repository\org\springframework\spring-web\5.1.1.RELEASE\spring-web-5.1.1.RELEASE.jar;C:\Users\lenovo\.m2\repository\org\springframework\spring-context\5.1.1.RELEASE\spring-context-5.1.1.RELEASE.jar;C:\Users\lenovo\.m2\repository\org\springframework\spring-test\5.1.1.RELEASE\spring-test-5.1.1.RELEASE.jar;C:\Users\lenovo\.m2\repository\org\apache\tomcat\tomcat-jasper\9.0.12\tomcat-jasper-9.0.12.jar;C:\Users\lenovo\.m2\repository\org\apache\tomcat\tomcat-servlet-api\9.0.12\tomcat-servlet-api-9.0.12.jar;C:\Users\lenovo\.m2\repository\org\apache\tomcat\tomcat-juli\9.0.12\tomcat-juli-9.0.12.jar;C:\Users\lenovo\.m2\repository\org\apache\tomcat\tomcat-jsp-api\9.0.12\tomcat-jsp-api-9.0.12.jar;C:\Users\lenovo\.m2\repository\org\apache\tomcat\tomcat-el-api\9.0.12\tomcat-el-api-9.0.12.jar;C:\Users\lenovo\.m2\repository\org\eclipse\jdt\ecj\3.13.102\ecj-3.13.102.jar;C:\Users\lenovo\.m2\repository\org\apache\tomcat\tomcat-jasper-el\9.0.12\tomcat-jasper-el-9.0.12.jar;C:\Users\lenovo\.m2\repository\org\apache\tomcat\tomcat-api\9.0.12\tomcat-api-9.0.12.jar;C:\Users\lenovo\.m2\repository\org\apache\tomcat\tomcat-util-scan\9.0.12\tomcat-util-scan-9.0.12.jar;C:\Users\lenovo\.m2\repository\org\apache\tomcat\tomcat-util\9.0.12\tomcat-util-9.0.12.jar;C:\Users\lenovo\.m2\repository\javax\servlet\servlet-api\3.0-alpha-1\servlet-api-3.0-alpha-1.jar;C:\Users\lenovo\.m2\repository\javax\servlet\jstl\1.2\jstl-1.2.jar;C:\Users\lenovo\.m2\repository\mysql\mysql-connector-java\8.0.11\mysql-connector-java-8.0.11.jar;C:\Users\lenovo\.m2\repository\com\google\protobuf\protobuf-java\2.6.0\protobuf-java-2.6.0.jar;C:\Users\lenovo\.m2\repository\org\springframework\spring-jdbc\5.1.1.RELEASE\spring-jdbc-5.1.1.RELEASE.jar;C:\Users\lenovo\.m2\repository\org\springframework\spring-tx\5.1.1.RELEASE\spring-tx-5.1.1.RELEASE.jar;"/>
    <property name="sun.cpu.endian" value="little"/>
    <property name="user.home" value="C:\Users\lenovo"/>
    <property name="user.language" value="en"/>
    <property name="java.specification.vendor" value="Oracle Corporation"/>
    <property name="java.home" value="C:\Program Files\Java\jdk-9.0.4"/>
    <property name="file.separator" value="\"/>
    <property name="basedir" value="e:\abhilash consulting projects\SpringMVCElectricityBillCalculation\SpringMVCElectricityBillCalculation"/>
    <property name="java.vm.compressedOopsMode" value="32-bit"/>
    <property name="line.separator" value="&#10;"/>
    <property name="java.vm.specification.vendor" value="Oracle Corporation"/>
    <property name="java.specification.name" value="Java Platform API Specification"/>
    <property name="java.awt.graphicsenv" value="sun.awt.Win32GraphicsEnvironment"/>
    <property name="surefire.real.class.path" value="C:\Users\lenovo\AppData\Local\Temp\surefire4634865985331597798\surefirebooter16324394611714938201.jar"/>
    <property name="user.script" value=""/>
    <property name="sun.management.compiler" value="HotSpot 64-Bit Tiered Compilers"/>
    <property name="java.runtime.version" value="9.0.4+11"/>
    <property name="user.name" value="lenovo"/>
    <property name="path.separator" value=";"/>
    <property name="os.version" value="10.0"/>
    <property name="java.runtime.name" value="Java(TM) SE Runtime Environment"/>
    <property name="file.encoding" value="Cp1252"/>
    <property name="java.vm.name" value="Java HotSpot(TM) 64-Bit Server VM"/>
    <property name="localRepository" value="C:\Users\lenovo\.m2\repository"/>
    <property name="java.vendor.url.bug" value="http://bugreport.java.com/bugreport/"/>
    <property name="java.io.tmpdir" value="C:\Users\lenovo\AppData\Local\Temp\"/>
    <property name="java.version" value="9.0.4"/>
    <property name="user.dir" value="e:\abhilash consulting projects\SpringMVCElectricityBillCalculation\SpringMVCElectricityBillCalculation"/>
    <property name="os.arch" value="amd64"/>
    <property name="java.vm.specification.name" value="Java Virtual Machine Specification"/>
    <property name="java.awt.printerjob" value="sun.awt.windows.WPrinterJob"/>
    <property name="sun.os.patch.level" value=""/>
    <property name="java.library.path" value="C:\Program Files\Java\jdk-9.0.4\bin;C:\Windows\Sun\Java\bin;C:\Windows\system32;C:\Windows;C:\Program Files (x86)\Common Files\Oracle\Java\javapath;C:\Windows\system32;C:\Windows;C:\Windows\System32\Wbem;C:\Windows\System32\WindowsPowerShell\v1.0\;C:\Program Files (x86)\Intel\OpenCL SDK\2.0\bin\x86;C:\Program Files (x86)\Intel\OpenCL SDK\2.0\bin\x64;C:\Program Files\nodejs\;C:\Program Files\PuTTY\;C:\Program Files\Microsoft SQL Server\Client SDK\ODBC\130\Tools\Binn\;C:\Program Files (x86)\Microsoft SQL Server\140\Tools\Binn\;C:\Program Files\Microsoft SQL Server\140\Tools\Binn\;C:\Program Files\Microsoft SQL Server\140\DTS\Binn\;C:\wamp64\bin\php\php7.3.12\;D:\c\priya\softwares\java\bin;C:\Program Files\MongoDB\Server\4.2\bin;D:\c\priya\softwares\apache-maven-3.6.3-bin\apache-maven-3.6.3\bin;C:\Program Files (x86)\OpenSSH\bin;C:\Users\lenovo\AppData\Local\Programs\Python\Python36\Scripts\;C:\Users\lenovo\AppData\Local\Programs\Python\Python36\;C:\Users\lenovo\AppData\Local\Microsoft\WindowsApps;C:\Users\lenovo\AppData\Roaming\npm;C:\priya\Microsoft VS Code\bin;C:\Users\lenovo\AppData\Local\Programs\Azure Data Studio\bin;."/>
    <property name="java.vm.info" value="mixed mode"/>
    <property name="java.vendor" value="Oracle Corporation"/>
    <property name="java.vm.version" value="9.0.4+11"/>
    <property name="sun.io.unicode.encoding" value="UnicodeLittle"/>
    <property name="java.class.version" value="53.0"/>
  </properties>
  <testcase name="testCheckConsumedUnits" classname="com.persons.PersonControllerTest" time="3.533"/>
  <testcase name="testCheckConsumedUnitsById" classname="com.persons.PersonControllerTest" time="0.069"/>
  <testcase name="testCheckConsumedUnitsByNameForNegative" classname="com.persons.PersonControllerTest" time="0.075"/>
  <testcase name="testCheckConsumedUnitsByName" classname="com.persons.PersonControllerTest" time="0.035"/>
  <testcase name="testCheckConsumedUnitsByIdPositiveCheck" classname="com.persons.PersonControllerTest" time="0.105"/>
  <testcase name="testCheckConsumedUnitsPositive" classname="com.persons.PersonControllerTest" time="0.113"/>
  <testcase name="testCreateSearchPersonsPageFormInvalidUser" classname="com.persons.PersonControllerTest" time="0.016"/>
</testsuite>